# JRE version: OpenJDK Runtime Environment (8.0_242-b01) (build 1.8.0_242-release-1644-b01)
# Java VM: OpenJDK 64-Bit Server VM (25.242-b01 mixed mode windows-amd64 compressed oops)
Heap:
 PSYoungGen      total 232960K, used 36683K [0x00000000e0000000, 0x00000000f0000000, 0x0000000100000000)
  eden space 208384K, 5% used [0x00000000e0000000,0x00000000e0bd4798,0x00000000ecb80000)
  from space 24576K, 99% used [0x00000000ecb80000,0x00000000ee37e800,0x00000000ee380000)
  to   space 19456K, 0% used [0x00000000ee380000,0x00000000ee380000,0x00000000ef680000)
 ParOldGen       total 205312K, used 39851K [0x00000000a0000000, 0x00000000ac880000, 0x00000000e0000000)
  object space 205312K, 19% used [0x00000000a0000000,0x00000000a26eaf40,0x00000000ac880000)
 Metaspace       used 68797K, capacity 71428K, committed 71576K, reserved 1116160K
  class space    used 9256K, capacity 9896K, committed 9904K, reserved 1048576K
GC Heap History (10 events):
Event: 8.603 GC heap before
{Heap before GC invocations=8 (full 2):
 PSYoungGen      total 177664K, used 11687K [0x00000000e0000000, 0x00000000ebe00000, 0x0000000100000000)
  eden space 164864K, 0% used [0x00000000e0000000,0x00000000e0000000,0x00000000ea100000)
  from space 12800K, 91% used [0x00000000eb180000,0x00000000ebce9f70,0x00000000ebe00000)
  to   space 14848K, 0% used [0x00000000ea100000,0x00000000ea100000,0x00000000eaf80000)
 ParOldGen       total 121856K, used 8909K [0x00000000a0000000, 0x00000000a7700000, 0x00000000e0000000)
  object space 121856K, 7% used [0x00000000a0000000,0x00000000a08b34a0,0x00000000a7700000)
 Metaspace       used 34782K, capacity 35434K, committed 35496K, reserved 1079296K
  class space    used 4762K, capacity 4999K, committed 5040K, reserved 1048576K
Event: 8.704 GC heap after
Heap after GC invocations=8 (full 2):
 PSYoungGen      total 177664K, used 0K [0x00000000e0000000, 0x00000000ebe00000, 0x0000000100000000)
  eden space 164864K, 0% used [0x00000000e0000000,0x00000000e0000000,0x00000000ea100000)
  from space 12800K, 0% used [0x00000000eb180000,0x00000000eb180000,0x00000000ebe00000)
  to   space 14848K, 0% used [0x00000000ea100000,0x00000000ea100000,0x00000000eaf80000)
 ParOldGen       total 205312K, used 18466K [0x00000000a0000000, 0x00000000ac880000, 0x00000000e0000000)
  object space 205312K, 8% used [0x00000000a0000000,0x00000000a1208af0,0x00000000ac880000)
 Metaspace       used 34776K, capacity 35416K, committed 35496K, reserved 1079296K
  class space    used 4760K, capacity 4996K, committed 5040K, reserved 1048576K
}
Event: 12.623 GC heap before
{Heap before GC invocations=9 (full 2):
 PSYoungGen      total 177664K, used 164864K [0x00000000e0000000, 0x00000000ebe00000, 0x0000000100000000)
  eden space 164864K, 100% used [0x00000000e0000000,0x00000000ea100000,0x00000000ea100000)
  from space 12800K, 0% used [0x00000000eb180000,0x00000000eb180000,0x00000000ebe00000)
  to   space 14848K, 0% used [0x00000000ea100000,0x00000000ea100000,0x00000000eaf80000)
 ParOldGen       total 205312K, used 18466K [0x00000000a0000000, 0x00000000ac880000, 0x00000000e0000000)
  object space 205312K, 8% used [0x00000000a0000000,0x00000000a1208af0,0x00000000ac880000)
 Metaspace       used 48668K, capacity 49924K, committed 50088K, reserved 1093632K
  class space    used 6439K, capacity 6821K, committed 6832K, reserved 1048576K
Event: 12.655 GC heap after
Heap after GC invocations=9 (full 2):
 PSYoungGen      total 179712K, used 14847K [0x00000000e0000000, 0x00000000ef680000, 0x0000000100000000)
  eden space 164864K, 0% used [0x00000000e0000000,0x00000000e0000000,0x00000000ea100000)
  from space 14848K, 99% used [0x00000000ea100000,0x00000000eaf7fdd8,0x00000000eaf80000)
  to   space 19456K, 0% used [0x00000000ee380000,0x00000000ee380000,0x00000000ef680000)
 ParOldGen       total 205312K, used 23266K [0x00000000a0000000, 0x00000000ac880000, 0x00000000e0000000)
  object space 205312K, 11% used [0x00000000a0000000,0x00000000a16b8a60,0x00000000ac880000)
 Metaspace       used 48668K, capacity 49924K, committed 50088K, reserved 1093632K
  class space    used 6439K, capacity 6821K, committed 6832K, reserved 1048576K
}
Event: 15.478 GC heap before
{Heap before GC invocations=10 (full 2):
 PSYoungGen      total 179712K, used 163207K [0x00000000e0000000, 0x00000000ef680000, 0x0000000100000000)
  eden space 164864K, 89% used [0x00000000e0000000,0x00000000e90e2160,0x00000000ea100000)
  from space 14848K, 99% used [0x00000000ea100000,0x00000000eaf7fdd8,0x00000000eaf80000)
  to   space 19456K, 0% used [0x00000000ee380000,0x00000000ee380000,0x00000000ef680000)
 ParOldGen       total 205312K, used 23266K [0x00000000a0000000, 0x00000000ac880000, 0x00000000e0000000)
  object space 205312K, 11% used [0x00000000a0000000,0x00000000a16b8a60,0x00000000ac880000)
 Metaspace       used 57297K, capacity 59030K, committed 59160K, reserved 1099776K
  class space    used 7708K, capacity 8181K, committed 8240K, reserved 1048576K
Event: 15.519 GC heap after
Heap after GC invocations=10 (full 2):
 PSYoungGen      total 227840K, used 19454K [0x00000000e0000000, 0x00000000f0000000, 0x0000000100000000)
  eden space 208384K, 0% used [0x00000000e0000000,0x00000000e0000000,0x00000000ecb80000)
  from space 19456K, 99% used [0x00000000ee380000,0x00000000ef67fa90,0x00000000ef680000)
  to   space 24576K, 0% used [0x00000000ecb80000,0x00000000ecb80000,0x00000000ee380000)
 ParOldGen       total 205312K, used 28766K [0x00000000a0000000, 0x00000000ac880000, 0x00000000e0000000)
  object space 205312K, 14% used [0x00000000a0000000,0x00000000a1c17990,0x00000000ac880000)
 Metaspace       used 57297K, capacity 59030K, committed 59160K, reserved 1099776K
  class space    used 7708K, capacity 8181K, committed 8240K, reserved 1048576K
}
Event: 15.519 GC heap before
{Heap before GC invocations=11 (full 3):
 PSYoungGen      total 227840K, used 19454K [0x00000000e0000000, 0x00000000f0000000, 0x0000000100000000)
  eden space 208384K, 0% used [0x00000000e0000000,0x00000000e0000000,0x00000000ecb80000)
  from space 19456K, 99% used [0x00000000ee380000,0x00000000ef67fa90,0x00000000ef680000)
  to   space 24576K, 0% used [0x00000000ecb80000,0x00000000ecb80000,0x00000000ee380000)
 ParOldGen       total 205312K, used 28766K [0x00000000a0000000, 0x00000000ac880000, 0x00000000e0000000)
  object space 205312K, 14% used [0x00000000a0000000,0x00000000a1c17990,0x00000000ac880000)
 Metaspace       used 57297K, capacity 59030K, committed 59160K, reserved 1099776K
  class space    used 7708K, capacity 8181K, committed 8240K, reserved 1048576K
Event: 15.881 GC heap after
Heap after GC invocations=11 (full 3):
 PSYoungGen      total 227840K, used 0K [0x00000000e0000000, 0x00000000f0000000, 0x0000000100000000)
  eden space 208384K, 0% used [0x00000000e0000000,0x00000000e0000000,0x00000000ecb80000)
  from space 19456K, 0% used [0x00000000ee380000,0x00000000ee380000,0x00000000ef680000)
  to   space 24576K, 0% used [0x00000000ecb80000,0x00000000ecb80000,0x00000000ee380000)
 ParOldGen       total 205312K, used 39404K [0x00000000a0000000, 0x00000000ac880000, 0x00000000e0000000)
  object space 205312K, 19% used [0x00000000a0000000,0x00000000a267b078,0x00000000ac880000)
 Metaspace       used 57263K, capacity 58910K, committed 59160K, reserved 1099776K
  class space    used 7700K, capacity 8141K, committed 8240K, reserved 1048576K
}
Event: 27.113 GC heap before
{Heap before GC invocations=12 (full 3):
 PSYoungGen      total 227840K, used 208384K [0x00000000e0000000, 0x00000000f0000000, 0x0000000100000000)
  eden space 208384K, 100% used [0x00000000e0000000,0x00000000ecb80000,0x00000000ecb80000)
  from space 19456K, 0% used [0x00000000ee380000,0x00000000ee380000,0x00000000ef680000)
  to   space 24576K, 0% used [0x00000000ecb80000,0x00000000ecb80000,0x00000000ee380000)
 ParOldGen       total 205312K, used 39404K [0x00000000a0000000, 0x00000000ac880000, 0x00000000e0000000)
  object space 205312K, 19% used [0x00000000a0000000,0x00000000a267b078,0x00000000ac880000)
 Metaspace       used 68517K, capacity 71058K, committed 71320K, reserved 1110016K
  class space    used 9215K, capacity 9847K, committed 9904K, reserved 1048576K
Event: 27.151 GC heap after
Heap after GC invocations=12 (full 3):
 PSYoungGen      total 232960K, used 24570K [0x00000000e0000000, 0x00000000f0000000, 0x0000000100000000)
  eden space 208384K, 0% used [0x00000000e0000000,0x00000000e0000000,0x00000000ecb80000)
  from space 24576K, 99% used [0x00000000ecb80000,0x00000000ee37e800,0x00000000ee380000)
  to   space 19456K, 0% used [0x00000000ee380000,0x00000000ee380000,0x00000000ef680000)
 ParOldGen       total 205312K, used 39851K [0x00000000a0000000, 0x00000000ac880000, 0x00000000e0000000)
  object space 205312K, 19% used [0x00000000a0000000,0x00000000a26eaf40,0x00000000ac880000)
 Metaspace       used 68517K, capacity 71058K, committed 71320K, reserved 1110016K
  class space    used 9215K, capacity 9847K, committed 9904K, reserved 1048576K
}

